<?xml version="1.0" encoding="UTF-8"?>
<testng-results skipped="0" failed="0" ignored="0" total="1" passed="1">
  <reporter-output>
  </reporter-output>
  <suite name="Default suite" duration-ms="62589" started-at="2019-11-11T04:33:39Z" finished-at="2019-11-11T04:34:41Z">
    <groups>
    </groups>
    <test name="Default test" duration-ms="62589" started-at="2019-11-11T04:33:39Z" finished-at="2019-11-11T04:34:41Z">
      <class name="coretests.mobileAppTest">
        <test-method status="PASS" signature="setup()[pri:0, instance:coretests.mobileAppTest@2286778]" name="setup" is-config="true" duration-ms="7719" started-at="2019-11-11T04:33:31Z" finished-at="2019-11-11T04:33:39Z">
          <reporter-output>
          </reporter-output>
        </test-method> <!-- setup -->
        <test-method status="PASS" signature="mobiletest()[pri:0, instance:coretests.mobileAppTest@2286778]" name="mobiletest" duration-ms="62564" started-at="2019-11-11T04:33:39Z" finished-at="2019-11-11T04:34:41Z">
          <reporter-output>
          </reporter-output>
        </test-method> <!-- mobiletest -->
        <test-method status="PASS" signature="after()[pri:0, instance:coretests.mobileAppTest@2286778]" name="after" is-config="true" duration-ms="743" started-at="2019-11-11T04:34:41Z" finished-at="2019-11-11T04:34:42Z">
          <reporter-output>
          </reporter-output>
        </test-method> <!-- after -->
      </class> <!-- coretests.mobileAppTest -->
    </test> <!-- Default test -->
  </suite> <!-- Default suite -->
</testng-results>
